00100000000000000000000011101101
01100000000000000000000011000101
01100000000000000000000011011101
01100000000000000000000011101001
01000000000000000000000010011101
00000000000000000000000011001101
01100000000000000000000011011001
00100000000000000000000010000101
00000000000000000000000011101111
00000000000000000000000010110101
01000000000000000000000001110110
01000000000000000000000011011011
01000000000000000000000011011100
00000000000000000000000011101011
00100000000000000000000001111111
01000000000000000000000010100000
00000000000000000000000011001111
01100000000000000000000010101001
00100000000000000000000010110111
00100000000000000000000011001011
00000000000000000000000010101011
01100000000000000000000011101101
00100000000000000000000010000100
00000000000000000000000001110100
01000000000000000000000011001110
01000000000000000000000001111100
01100000000000000000000010010110
01000000000000000000000011101010
00000000000000000000000011000111
01000000000000000000000010001111
01100000000000000000000011100111
00000000000000000000000011110101
01100000000000000000000011001001
00100000000000000000000011110001
00000000000000000000000010111001
01000000000000000000000010101101
01100000000000000000000011001001
00100000000000000000000011001111
00000000000000000000000010011011
00000000000000000000000010000001
01100000000000000000000010101101
00100000000000000000000010010111
00000000000000000000000010001011
00100000000000000000000001101010
01100000000000000000000010000011
01000000000000000000000001110010
01000000000000000000000001101101
01100000000000000000000010000110
00000000000000000000000010101110
00000000000000000000000001111110
01000000000000000000000011101011
00100000000000000000000011011001
01100000000000000000000001110110
01100000000000000000000010100000
01000000000000000000000011001100
01100000000000000000000010000010
01000000000000000000000010110011
00100000000000000000000010011110
00100000000000000000000001101101
01000000000000000000000001101111
01000000000000000000000001100110
01000000000000000000000010110110
01100000000000000000000011110011
01000000000000000000000010110001
00000000000000000000000010111111
00000000000000000000000010001010
01100000000000000000000010101010
01000000000000000000000010100101
00000000000000000000000010000100
01100000000000000000000010010110
00100000000000000000000011100011
01100000000000000000000010011111
00100000000000000000000011011100
01100000000000000000000010101001
01000000000000000000000011010000
01000000000000000000000011000101
01000000000000000000000011110001
01000000000000000000000010000001
01000000000000000000000001101110
00100000000000000000000010100100
01000000000000000000000010110111
00100000000000000000000011011010
00100000000000000000000011110010
01000000000000000000000011000111
01000000000000000000000010010011
01100000000000000000000001111111
00100000000000000000000001111001
00000000000000000000000011011110
01000000000000000000000010001001
01000000000000000000000010100001
01000000000000000000000001101110
00000000000000000000000010000000
01100000000000000000000010100111
00000000000000000000000010111001
01100000000000000000000010101001
00100000000000000000000001110001
00000000000000000000000011011011
00000000000000000000000010101010
01100000000000000000000011001010
00000000000000000000000011100101
11111111111111111111111111111111
00000000000000000000000011110011
10000000000000000000000000010011
00000000000000000000000000001001
00000000000000000000000000001000
00000000000000000000000011101000
00000000000000000000000000100000
00000000000000000000000000011100
00000000000000000000000011001101
10000000000000000000000010100100
00000000000000000000000000010111
10000000000000000000000011000111
00000000000000000000000011000001
10000000000000000000000001011101
10000000000000000000000000101101
10000000000000000000000001101111
10000000000000000000000001000101
10000000000000000000000010110101
00000000000000000000000011001011
00000000000000000000000000001100
00000000000000000000010110001010
00000000000000000000000010001101
10000000000000000000000001001001
00000000000000000000000000111001
00000000000000000000000011010100
00000000000000000000000001100011
00000000000000000000000001010101
00000000000000000000000001111011
10000000000000000000000011000001
10000000000000000000000001101001
00000000000000000000000001100111
00000000000000000000000010110101
00000000000000000000000000011110
10000000000000000000000000100010
01000000000000000000000001101101
10000000000000000000000001001100
00000000000000000000000011011010
10000000000000000000000011110101
10000000000000000000000011101000
10000000000000000000000000010000
00000000000000000000000011110011
00000000000000000000000000111101
00000000000000000000000011001111
00000000000000000000000010111100
10000000000000000000000010011010
00000000000000000000000010000100
00000000000000000000000010011011
00000000000000000000000010110101
10000000000000000000000010110001
00000000000000000000000000100100
00000000000000000000000011000001
10000000000000000000000010001110
00000000000000000000000010010000
00000000000000000000000001000101
10000000000000000000000010101000
00000000000000000000000010100011
00000000000000000000000000010110
00000000000000000000000011001101
00000000000000000000000010000001
00000000000000000000000010001100
01000000000000000000000010110100
00000000000000000000000000111100
00000000000000000000000000000101
00000000000000000000010000110000
00000000000000000000000010011100
10000000000000000000000001011011
10000000000000000000000001010010
00100000000000000000000010011101
00000000000000000000000010000010
00100000000000000000000001101011
01000000000000000000000010110101
00000000000000000000000001100000
00000000000000000000000001110000
00100000000000000000000011001011
00000000000000000000000001001101
00000000000000000000000000001101
00000000000000000000000010010001
10000000000000000000000011000100
10000000000000000000000000000100
10000000000000000000000010000101
10000000000000000000000011101000
00000000000000000000000000110010
00000000000000000000000000101011
10000000000000000000000011000010
10000000000000000000000011000001
00000000000000000000000000111011
00000000000000000000000001110011
10000000000000000000000010100100
10000000000000000000000001011100
00000000000000000000000011010111
00000000000000000000000011101100
00000000000000000000000000000100
00000000000000000000000011011011
00000000000000000000000011010101
10000000000000000000000000111110
00000000000000000000000011101001
00000000000000000000000010000101
01000000000000000000000011001100
00000000000000000000000010010100
00000000000000000000000011000000
00000000000000000000000001011000
00100000000000000000000010011011
00000000000000000000000000101011
00000000000000000000000000010001
00000000000000000000000000011110
10000000000000000000000010111000
00000000000000000000000100110001
10000000000000000000000010011100
00000000000000000000000001111100
10000000000000000000000011100010
00000000000000000000000011000100
00000000000000000000000010010101
00000000000000000000000000000011
10000000000000000000000000000101
10000000000000000000000001011100
00000000000000000000000000111100
00000000000000000000000010111000
00000000000000000000010001011011
10000000000000000000000011001101
00000000000000000000000010110101
10000000000000000000000011001000
01000000000000000000000011000100
10000000000000000000000010000100
10000000000000000000000000111100
10000000000000000000000001001100
10000000000000000000000001001101
00000000000000000000000010110101
10000000000000000000000001010010
00000000000000000000000001010100
00000000000000000000000001110100
00000000000000000000000011100100
00000000000000000000000011111000
10000000000000000000000010010011
00100000000000000000000010110001
00000000000000000000000001010101
00000000000000000000000010111001
00000000000000000000000000000000
00100000000000000000000010000001
10000000000000000000000000101100
00000000000000000000000010111001
00000000000000000000000011110101
00000000000000000000010001011011
10000000000000000000000001010000
00000000000000000000000010010101
10000000000000000000000011110101
10000000000000000000000011000111
00000000000000000000000001101111
00000000000000000000000011001110
10000000000000000000000000011000
10000000000000000000000000010010
