00100000000000000000000100111101
00100000000000000000000110111001
01100000000000000000001001001111
01100000000000000000001001010110
00100000000000000000001001010101
01000000000000000000000100111101
01100000000000000000001001001001
00000000000000000000000110001111
01100000000000000000000111011001
01100000000000000000000111011100
01100000000000000000000111111010
00000000000000000000001000110010
01100000000000000000000110001110
00000000000000000000000100110101
00000000000000000000000110011011
00100000000000000000000110100100
00100000000000000000000111011001
00000000000000000000000101001000
00100000000000000000000110111100
01000000000000000000001001000001
00100000000000000000001001010000
01100000000000000000000101010111
00000000000000000000000110001101
01000000000000000000000110011010
00000000000000000000001001001110
01000000000000000000000111110111
01000000000000000000000101111101
00100000000000000000000100110100
00100000000000000000001000001000
01100000000000000000000111101100
01000000000000000000001000110101
00100000000000000000001000010101
00000000000000000000000110101011
01100000000000000000001000001101
01100000000000000000000111010001
01000000000000000000000101001001
01000000000000000000000111001000
01100000000000000000000100110100
00100000000000000000000101001110
00000000000000000000000111011000
01100000000000000000000110011111
01100000000000000000000111000111
00000000000000000000000100110111
00000000000000000000001000000110
01100000000000000000000110000101
00100000000000000000000111110000
01000000000000000000000111100111
01000000000000000000001000111010
00100000000000000000000111001100
01100000000000000000000110010011
00000000000000000000000111010101
00100000000000000000000101111010
01100000000000000000001000001110
00100000000000000000000111110110
00100000000000000000000111010011
00100000000000000000000111110100
00000000000000000000000111111101
00000000000000000000001000010000
01000000000000000000000111111100
00000000000000000000000100111001
00100000000000000000000101000111
01000000000000000000001000001000
01100000000000000000000101111110
01000000000000000000000111010011
00100000000000000000000111101100
00000000000000000000000101011011
00000000000000000000000111111100
01000000000000000000000111110101
00100000000000000000001000000000
01000000000000000000000111101110
00100000000000000000001001001001
01000000000000000000000111110011
00000000000000000000000111110011
01100000000000000000000111001011
01100000000000000000001001010001
01100000000000000000000110011110
01100000000000000000000101001010
01000000000000000000000101100011
00100000000000000000000111011110
01000000000000000000000101011010
01100000000000000000000111001111
01000000000000000000000101001111
00000000000000000000000101100001
00000000000000000000000100101110
01000000000000000000000110100101
01000000000000000000001000011000
01100000000000000000000110111000
01100000000000000000000101001111
01000000000000000000000100111011
01000000000000000000000101111111
00000000000000000000000111011011
01100000000000000000000111011100
01000000000000000000000110000110
00000000000000000000000111000000
00000000000000000000000101100000
01000000000000000000000110011100
01100000000000000000001001000111
00000000000000000000000110010010
01100000000000000000000101010001
00000000000000000000000110001000
00000000000000000000000111111010
00100000000000000000000111000000
01000000000000000000000101011101
00000000000000000000000100110011
01000000000000000000000110111111
01000000000000000000000100110110
01100000000000000000000100111000
00100000000000000000000100111000
00100000000000000000000111010111
01000000000000000000001000101001
00100000000000000000000111101000
01000000000000000000000110100000
00100000000000000000000110110110
01100000000000000000000111010001
00100000000000000000000111100010
01000000000000000000000101101001
01100000000000000000000111010010
01100000000000000000000110111010
01000000000000000000000101001100
00100000000000000000001000000110
00100000000000000000000111010111
01000000000000000000000101011010
01000000000000000000001001000010
00100000000000000000000110111101
00100000000000000000001000010101
01000000000000000000000111111001
01100000000000000000000110101110
00100000000000000000001000100110
01000000000000000000000111101100
01100000000000000000001000101101
01100000000000000000000111100010
01000000000000000000000111101110
00100000000000000000000111111100
00000000000000000000001001010101
00000000000000000000000110000100
00100000000000000000000101000011
01000000000000000000001000101111
00000000000000000000000110101110
00100000000000000000000111101101
01000000000000000000000101010101
00100000000000000000000111110000
00100000000000000000001001000101
01000000000000000000000101000001
00100000000000000000001000011000
00100000000000000000001001010101
00000000000000000000001000101101
00000000000000000000000100111011
01100000000000000000000100110100
00000000000000000000001000110100
01100000000000000000001000000011
01100000000000000000000111101011
00100000000000000000000110010110
00100000000000000000001000011110
01000000000000000000000101100100
01000000000000000000000111110011
01000000000000000000000111010111
00100000000000000000001001001010
01100000000000000000000100111100
01100000000000000000001001000001
00000000000000000000001000000111
01100000000000000000000100110000
01000000000000000000000110110100
00000000000000000000001000100101
01100000000000000000000101101001
01100000000000000000001000100011
00100000000000000000001000001101
01100000000000000000001001001001
00100000000000000000000110001101
01100000000000000000001000101110
00100000000000000000000101001101
01100000000000000000000110001001
01100000000000000000001000111110
00100000000000000000000110001010
01100000000000000000001000001001
00100000000000000000000110010100
01100000000000000000000111100001
01000000000000000000000100111001
00000000000000000000000101001101
00000000000000000000001000010111
00000000000000000000000110111000
01100000000000000000000101001011
01000000000000000000000111011101
00100000000000000000000101000110
00100000000000000000000100110100
01100000000000000000000110001010
00100000000000000000000110010100
01100000000000000000001000100011
01000000000000000000000111110011
01000000000000000000000110000010
01100000000000000000000110010111
00000000000000000000000111001100
01000000000000000000001000000011
00000000000000000000000110010101
00000000000000000000000111101100
01100000000000000000000111011001
01100000000000000000000111001001
01100000000000000000000101111101
01000000000000000000000101110110
00000000000000000000001000010100
00100000000000000000000101011101
00100000000000000000000110111100
01000000000000000000000110101110
01100000000000000000000110111001
01100000000000000000001000010011
01100000000000000000000110100100
00100000000000000000000111000001
00100000000000000000001000000011
00000000000000000000001001001110
00100000000000000000000110001001
00000000000000000000000110101100
00100000000000000000001001001101
00000000000000000000000111100101
01100000000000000000001000011101
00000000000000000000000100111011
00000000000000000000000111101101
00000000000000000000000111110001
00100000000000000000000111011011
01100000000000000000000110111000
01000000000000000000000110011110
01000000000000000000000111100001
00000000000000000000000101011010
01000000000000000000000110010101
01100000000000000000000100111010
01100000000000000000000111000011
01100000000000000000001001010011
00100000000000000000000101011100
01000000000000000000000111010011
01000000000000000000000110000010
01100000000000000000000101101010
01000000000000000000001001001011
01000000000000000000000110001111
00000000000000000000000100111100
00000000000000000000001000011001
01000000000000000000001000100000
00000000000000000000000111101000
01000000000000000000001001001000
01000000000000000000001000110010
00100000000000000000000110110100
01000000000000000000000111011010
00100000000000000000000101000111
00000000000000000000000111100011
01100000000000000000000100111001
01100000000000000000001000110011
01100000000000000000000111010011
00000000000000000000001000001101
01000000000000000000000101011001
00100000000000000000000110010011
01100000000000000000000101110111
00100000000000000000000101100010
00100000000000000000000110110001
00100000000000000000000110000010
00100000000000000000000101100000
00000000000000000000001001001100
00000000000000000000001000100101
01100000000000000000000110011101
01100000000000000000001000010101
00000000000000000000000101100011
00100000000000000000000111100000
01100000000000000000000110111001
00100000000000000000001001000001
00100000000000000000001000011000
00100000000000000000000110100110
00100000000000000000000101110111
01000000000000000000000111000010
00100000000000000000001000101001
00100000000000000000000111101001
01000000000000000000000101111111
00100000000000000000001000101000
01000000000000000000000111101100
01000000000000000000001000101101
00100000000000000000000110001010
00100000000000000000000101100010
00100000000000000000001000001001
00100000000000000000001001001010
01100000000000000000001000001101
00100000000000000000000110011101
01100000000000000000000111011000
01100000000000000000001000101011
01100000000000000000000110011101
00100000000000000000000111101011
01000000000000000000000111110110
01000000000000000000000101100011
01000000000000000000000111010011
01100000000000000000000101101001
00100000000000000000000101011011
01000000000000000000000111000101
00000000000000000000000110001101
01000000000000000000000101111010
00100000000000000000000101111010
00100000000000000000000111101000
01000000000000000000000101000011
01100000000000000000000101011010
00100000000000000000000101110001
01100000000000000000000101010000
00100000000000000000000101001011
01100000000000000000001000111000
01100000000000000000000111110010
01100000000000000000000101110111
01000000000000000000001000111011
01000000000000000000001000010100
11111111111111111111111111111111
00000000000000000000001000010001
00000000000000000000000001111110
00000000000000000000000010101101
01000000000000000000000110111110
00000000000000000000000110000100
10000000000000000000000001110011
00000000000000000000001101110011
00100000000000000000000101001110
00000000000000000000000100100000
00000000000000000000000000010000
00000000000000000000000111000100
00000000000000000000001000110111
00100000000000000000001001000010
00100000000000000000001000010010
00000000000000000000000011011000
00000000000000000000000000000000
10000000000000000000001000011110
00000000000000000000000111010000
10000000000000000000000111011110
00000000000000000000001001001011
00000000000000000000000100010100
00000000000000000000000010100001
00000000000000000000000000011101
10000000000000000000000100001111
00000000000000000000001101110011
00000000000000000000100010101011
00000000000000000000000000000110
00000000000000000000000110111000
10000000000000000000000100010001
00000000000000000000001110101010
00000000000000000000001000111001
00000000000000000000000101110110
00000000000000000000001111100001
10000000000000000000000111010110
01000000000000000000000101010110
00000000000000000000000101101011
00100000000000000000001000011000
00000000000000000000000000110100
10000000000000000000000101101011
00000000000000000000000001001001
00000000000000000000000100010110
00000000000000000000000000010010
00100000000000000000000110011000
10000000000000000000000101111010
10000000000000000000000011011000
00000000000000000001010100010011
00000000000000000000001100011100
00000000000000000000001000101010
10000000000000000000000100010001
00000000000000000000000110101100
00000000000000000000001011110000
00000000000000000000000101001010
00000000000000000000111110111111
00000000000000000000001000101110
00000000000000000000001000010000
10000000000000000000000100110011
00000000000000000000001001001010
00000000000000000000000000010011
10000000000000000000000010011110
00000000000000000000000110011101
00100000000000000000000111000101
01000000000000000000001001001101
00000000000000000000000000001101
00000000000000000000000010111111
10000000000000000000001000101110
10000000000000000000000000100100
00000000000000000000001000011001
00000000000000000000001110101010
10000000000000000000000110011111
10000000000000000000000101101110
10000000000000000000000001001100
00000000000000000000000101010011
00000000000000000000000011010010
00000000000000000000001000101110
00100000000000000000000111010110
00000000000000000000000110010111
00000000000000000000001100001001
10000000000000000000000010100101
00000000000000000000001000011001
00000000000000000000001000010000
00100000000000000000000110101010
00000000000000000000000111100110
10000000000000000000000111011100
10000000000000000000000101111010
00000000000000000000001011110000
00000000000000000000000101110011
00000000000000000000000010100001
00000000000000000000001001010010
01000000000000000000000101010010
10000000000000000000000001111111
00000000000000000000001000010101
00000000000000000000000101010011
00000000000000000000111110111111
00000000000000000000000110000001
10000000000000000000000011100100
00000000000000000000000101110110
10000000000000000000000001000100
00100000000000000000000110101111
10000000000000000000000111100011
10000000000000000000000101111110
00000000000000000000000101001110
00000000000000000000001011110000
00000000000000000000001101110011
10000000000000000000001001000100
00000000000000000000001000000000
10000000000000000000000001001101
00100000000000000000000110000100
10000000000000000000000011101010
10000000000000000000000010111011
00000000000000000000000000011000
10000000000000000000000000001010
00000000000000000000111110111111
00000000000000000000001000011011
00100000000000000000000101100000
00100000000000000000000110000110
10000000000000000000001000011110
10000000000000000000000010001110
00000000000000000000000010000001
00000000000000000000000000011000
00100000000000000000000101110101
00000000000000000000001000101110
10000000000000000000000111000111
10000000000000000000000011100010
10000000000000000000000100001001
00000000000000000000000011101011
10000000000000000000000011100011
10000000000000000000001000010100
00000000000000000000000101101001
10000000000000000000000100100010
00100000000000000000001000100001
10000000000000000000000010011000
00000000000000000000001011110000
00000000000000000000000111101010
10000000000000000000000010011011
00000000000000000000011101001011
10000000000000000000000111100111
00000000000000000000010100110011
10000000000000000000001000011100
00000000000000000000000100100011
00000000000000000000000000000000
01000000000000000000000110100000
01000000000000000000001000111101
00000000000000000000001000101010
00000000000000000000101110111110
00000000000000000000000110011101
10000000000000000000000000110001
00000000000000000000000011011000
00000000000000000000001101001100
10000000000000000000001000101011
10000000000000000000000101001111
00100000000000000000000110011100
00000000000000000000000011011001
00000000000000000000000100000100
00000000000000000000001000100011
00100000000000000000000101000110
00000000000000000000000010110100
00100000000000000000001000010001
10000000000000000000000010001111
00000000000000000000010101000010
00000000000000000000000101101101
00000000000000000000000101001010
00000000000000000000000110101101
01000000000000000000000110001111
00000000000000000000000001011011
00100000000000000000000101100100
00000000000000000000000110010011
01000000000000000000000101111011
00000000000000000000000110010011
00000000000000000000000001101011
00000000000000000000100100001001
10000000000000000000001000011101
00000000000000000000000000011000
01000000000000000000000101100000
00000000000000000000001001001101
00000000000000000000000011011001
00100000000000000000001001010000
00000000000000000000010001001110
10000000000000000000000001000010
00000000000000000000001000101110
10000000000000000000000001110111
00000000000000000000010100110011
00100000000000000000000110000111
10000000000000000000001000011000
10000000000000000000001000011001
10000000000000000000000000001011
10000000000000000000000110111010
00000000000000000000001100001001
00000000000000000000010001011001
00000000000000000000000000111110
00000000000000000000111110111111
00000000000000000000100000000001
00000000000000000000000100100010
00000000000000000000001001000000
10000000000000000000000101100101
00000000000000000000000101101011
10000000000000000000001001001101
00000000000000000000000101001111
00100000000000000000001000100000
00000000000000000000000110010011
00000000000000000000000011100110
00000000000000000000000110010011
00000000000000000000000011010100
00000000000000000000000010100000
00000000000000000000000111011000
00000000000000000000000011011000
00100000000000000000000101110011
00000000000000000001011111010111
00000000000000000000000011011010
10000000000000000000000111011010
00000000000000000000000000101111
00000000000000000000000110010111
10000000000000000000000101100111
10000000000000000000000010101100
00000000000000000000001101001100
00100000000000000000000101001001
10000000000000000000000010001110
00000000000000000000100100001001
10000000000000000000000111100010
00000000000000000000010000110111
00000000000000000000111110111111
00000000000000000000000110000001
10000000000000000000000000110110
00000000000000000000000101010101
00000000000000000000000101110110
01000000000000000000000101111000
01000000000000000000001000010100
00000000000000000000000100111111
10000000000000000000000001011000
00000000000000000000000100101110
00000000000000000000000111110010
00000000000000000000001000101010
00000000000000000000101110111110
01000000000000000000000110011001
10000000000000000000000010010101
00000000000000000000001000101110
10000000000000000000000000110100
10000000000000000000000110110011
10000000000000000000000001001011
10000000000000000000000001000101
00000000000000000000000110010100
00000000000000000000001000000000
10000000000000000000000111000010
10000000000000000000000111011110
00000000000000000000000100111110
10000000000000000000000000111110
10000000000000000000000000110100
00000000000000000000000110100111
00000000000000000000000101110110
00000000000000000000110110010110
10000000000000000000000011110011
00000000000000000000011000111111
00000000000000000000010001011001
00000000000000000000000101101011
10000000000000000000000001101000
00100000000000000000000101111000
00000000000000000000000101111111
01000000000000000000001000001011
00000000000000000000000110100101
00000000000000000000000011000111
00000000000000000000001000011000
10000000000000000000000111011101
10000000000000000000000010110110
00100000000000000000001000000000
10000000000000000000001001000111
10000000000000000000000000101101
00000000000000000000000001110011
00000000000000000000001000111000
00100000000000000000000111111101
10000000000000000000000111000010
00000000000000000000000011101001
00000000000000000000000010100011
10000000000000000000001001010100
00000000000000000000000010100101
00100000000000000000001000111001
00000000000000000000000010100110
00000000000000000000001000101110
00000000000000000000000111011101
00000000000000000000000111110111
00000000000000000000000010111101
00000000000000000000000101101011
10000000000000000000000100100110
10000000000000000000000101010111
00100000000000000000000111000001
00000000000000000000001111010111
00000000000000000000111110111111
10000000000000000000000101000000
10000000000000000000000110000111
00000000000000000000001000010100
10000000000000000000000101010011
00000000000000000000000010011110
00000000000000000000000001111010
00000000000000000000000010001000
00100000000000000000001000101100
00000000000000000000000110111101
00000000000000000000000101010101
00000000000000000000001110110110
00000000000000000000000001010110
00100000000000000000000110110100
10000000000000000000000010010011
