01000000000000000000001011110100
01100000000000000000001011110111
01000000000000000000001011110100
00000000000000000000001011111011
00000000000000000000001011111111
00000000000000000000001100000101
00100000000000000000001100010001
01100000000000000000001100011001
01000000000000000000001011111001
01000000000000000000001011111110
00000000000000000000001100010010
00000000000000000000001011111010
00000000000000000000001011110010
00000000000000000000001100011101
00100000000000000000001011110011
00100000000000000000001011110010
01000000000000000000001100000000
01100000000000000000001100010001
00000000000000000000001100010010
00100000000000000000001100001000
00000000000000000000001100001101
00000000000000000000001011111100
00100000000000000000001011110100
01100000000000000000001100001010
00000000000000000000001100010100
00000000000000000000001011110010
01100000000000000000001011110000
01000000000000000000001100000111
01100000000000000000001011111000
01000000000000000000001011110000
00100000000000000000001100011111
01100000000000000000001011110011
00000000000000000000001011111101
00100000000000000000001100010010
00100000000000000000001100000011
01000000000000000000001011110110
01100000000000000000001100001101
00000000000000000000001100001100
00000000000000000000001011111100
00100000000000000000001100001101
00000000000000000000001011110101
01100000000000000000001011110010
00000000000000000000001100010100
01000000000000000000001100011000
00100000000000000000001100000101
00100000000000000000001100010000
01000000000000000000001100010100
00100000000000000000001100001010
01100000000000000000001011110011
00000000000000000000001100000011
00000000000000000000001011111100
00100000000000000000001011111100
01000000000000000000001011111000
01100000000000000000001100011101
00000000000000000000001100000000
01000000000000000000001011111010
00000000000000000000001100000010
00000000000000000000001011110101
01100000000000000000001100010110
00100000000000000000001011110101
01000000000000000000001100010000
01000000000000000000001100000101
01100000000000000000001011111001
00000000000000000000001100001111
01100000000000000000001100001010
00100000000000000000001011111011
00100000000000000000001011111000
01000000000000000000001011110010
01100000000000000000001100010110
00100000000000000000001011111000
01100000000000000000001100010111
00100000000000000000001100011010
01000000000000000000001100000100
01100000000000000000001100000100
00000000000000000000001100001101
01100000000000000000001011110110
01000000000000000000001100000011
00000000000000000000001100011000
01100000000000000000001100000101
00000000000000000000001100001011
00000000000000000000001100011001
01100000000000000000001011110010
00000000000000000000001100011110
01000000000000000000001100010001
00000000000000000000001100001111
01100000000000000000001011110101
01100000000000000000001100011010
01100000000000000000001100000100
00000000000000000000001011110010
01100000000000000000001100010110
01100000000000000000001100010011
01100000000000000000001100010100
00100000000000000000001011110100
00100000000000000000001100010000
00000000000000000000001011110001
00000000000000000000001100010101
01000000000000000000001100001001
01100000000000000000001100010000
00100000000000000000001011110101
00000000000000000000001011110000
01100000000000000000001011111011
00100000000000000000001100001010
01100000000000000000001100000010
01100000000000000000001100010000
00000000000000000000001100010110
00100000000000000000001100000011
00000000000000000000001100011110
01000000000000000000001100010110
01100000000000000000001011111100
00100000000000000000001100010101
00100000000000000000001100010101
00100000000000000000001100010110
01000000000000000000001100010010
00100000000000000000001100011110
00000000000000000000001011110110
00100000000000000000001011110111
01000000000000000000001011110001
01000000000000000000001011110001
01100000000000000000001011110100
01100000000000000000001100010111
00100000000000000000001100010110
00000000000000000000001100010011
01100000000000000000001100000111
01100000000000000000001011110101
00100000000000000000001011110011
00100000000000000000001100011111
01000000000000000000001100001001
01000000000000000000001100000101
01000000000000000000001011111100
00000000000000000000001011110011
00100000000000000000001100001001
00100000000000000000001100001111
00000000000000000000001100001010
01100000000000000000001100000001
01100000000000000000001100011011
01100000000000000000001011110000
01000000000000000000001011111100
00100000000000000000001100011111
00000000000000000000001100000110
01100000000000000000001100000111
00100000000000000000001011110001
00100000000000000000001100000111
01100000000000000000001100000100
00000000000000000000001100001010
01100000000000000000001011111110
00100000000000000000001100001000
00100000000000000000001011110110
01100000000000000000001011111111
00100000000000000000001100001110
01100000000000000000001100010011
01100000000000000000001100001110
00000000000000000000001011110011
00100000000000000000001011111110
00000000000000000000001100001110
01100000000000000000001011110010
01000000000000000000001011110110
00000000000000000000001100001101
00000000000000000000001100000100
00000000000000000000001011110000
01000000000000000000001100001101
00100000000000000000001100000010
01100000000000000000001011110100
01000000000000000000001100010100
00000000000000000000001011111111
00000000000000000000001011110101
01100000000000000000001011111110
01100000000000000000001100000100
01000000000000000000001100011001
00100000000000000000001100010100
00000000000000000000001100011001
00100000000000000000001100010101
01100000000000000000001011111010
01100000000000000000001100010000
01000000000000000000001100011111
00100000000000000000001100000011
00100000000000000000001011110111
00100000000000000000001100001110
01100000000000000000001011111111
00100000000000000000001100011101
01100000000000000000001100011000
01100000000000000000001100010111
01000000000000000000001011111010
01100000000000000000001011110110
00000000000000000000001011111000
01000000000000000000001100001000
00100000000000000000001011110110
00000000000000000000001100000101
01100000000000000000001011111001
00000000000000000000001011110010
00100000000000000000001100001111
01000000000000000000001100010110
00100000000000000000001011111111
00100000000000000000001100001011
00000000000000000000001011110001
01100000000000000000001011110111
00100000000000000000001100010000
00100000000000000000001100001011
00100000000000000000001011111111
01100000000000000000001100011100
01100000000000000000001011111011
00000000000000000000001100000000
00100000000000000000001011111111
01000000000000000000001100011011
00100000000000000000001100011101
00100000000000000000001011111011
01000000000000000000001011111100
01100000000000000000001100000001
00100000000000000000001100011101
01100000000000000000001100000001
01100000000000000000001011110011
01000000000000000000001100001011
01000000000000000000001011110001
01100000000000000000001011111011
00000000000000000000001100010110
00000000000000000000001100001110
01000000000000000000001100010111
01100000000000000000001100010110
00100000000000000000001100011100
00100000000000000000001011111111
00100000000000000000001100001110
00000000000000000000001100000011
00000000000000000000001011111110
00100000000000000000001100001011
00100000000000000000001100001010
01000000000000000000001100001000
00000000000000000000001011111100
00000000000000000000001100000001
00100000000000000000001100010011
01100000000000000000001100001101
01000000000000000000001100000110
00000000000000000000001011110011
01000000000000000000001100000110
01100000000000000000001011110000
00000000000000000000001011110011
01100000000000000000001011111001
00100000000000000000001011110010
01100000000000000000001011110010
00100000000000000000001100001110
01000000000000000000001011111110
01100000000000000000001100011101
00100000000000000000001100000111
01000000000000000000001100010100
01100000000000000000001100010000
01000000000000000000001011111101
01000000000000000000001011111010
00000000000000000000001100000111
00000000000000000000001011110100
01100000000000000000001100011111
00000000000000000000001011110111
01100000000000000000001100011110
01000000000000000000001100000000
01100000000000000000001100000011
00100000000000000000001100001111
00100000000000000000001100000011
01100000000000000000001011110000
00000000000000000000001100011110
01000000000000000000001100000111
00100000000000000000001011110011
00100000000000000000001100010010
01000000000000000000001100010111
00000000000000000000001011111010
00100000000000000000001100000010
00100000000000000000001100011010
00000000000000000000001011111010
01100000000000000000001100000010
00100000000000000000001011110101
00000000000000000000001011111110
01100000000000000000001100001000
00100000000000000000001100010011
00100000000000000000001100000101
00100000000000000000001100011010
01100000000000000000001100010101
00000000000000000000001011110001
01100000000000000000001011110010
00100000000000000000001011111101
00100000000000000000001100001001
00100000000000000000001011110100
01000000000000000000001100011110
00100000000000000000001100011011
00100000000000000000001011110000
01000000000000000000001100011011
00000000000000000000001100001110
00000000000000000000001100011001
01000000000000000000001100011010
00100000000000000000001011110110
00100000000000000000001100001101
01000000000000000000001100000100
00100000000000000000001011111011
01100000000000000000001100001010
00100000000000000000001100001001
01100000000000000000001011111010
01000000000000000000001011111100
01000000000000000000001100010001
01000000000000000000001100010011
01000000000000000000001100011111
00000000000000000000001100011000
01000000000000000000001011111000
00000000000000000000001100010011
01000000000000000000001011111010
00000000000000000000001100010000
00000000000000000000001011110000
00000000000000000000001100010010
00000000000000000000001100010110
00100000000000000000001100000111
01000000000000000000001100001101
01000000000000000000001100001110
01000000000000000000001100010001
01000000000000000000001011110111
00100000000000000000001011111010
01000000000000000000001100011010
01000000000000000000001100010000
01000000000000000000001100001010
00000000000000000000001100000010
01100000000000000000001011111011
01000000000000000000001100001001
00000000000000000000001100000010
01000000000000000000001011111000
01100000000000000000001100001100
01000000000000000000001100010111
00100000000000000000001011110010
01100000000000000000001100010001
00000000000000000000001100011011
00000000000000000000001011111010
00100000000000000000001011110010
00000000000000000000001011110101
01000000000000000000001100001010
01100000000000000000001100010100
01000000000000000000001100001111
01000000000000000000001100010001
01000000000000000000001100011111
00000000000000000000001100001101
01000000000000000000001100001001
01100000000000000000001100001000
00100000000000000000001100010100
01100000000000000000001100010000
00100000000000000000001100000011
01000000000000000000001100011101
01100000000000000000001011110111
00000000000000000000001011111100
01000000000000000000001011110110
00100000000000000000001100001010
00100000000000000000001011111011
00000000000000000000001100000101
00100000000000000000001011111110
01000000000000000000001100001101
01100000000000000000001100010110
00000000000000000000001011110000
00000000000000000000001100011011
01100000000000000000001100000110
01100000000000000000001100000001
00100000000000000000001100011010
01100000000000000000001100000010
00100000000000000000001011111010
00000000000000000000001100001011
01000000000000000000001011110001
00100000000000000000001100011010
01000000000000000000001100000011
00000000000000000000001100000110
00100000000000000000001011111001
01000000000000000000001100011111
01100000000000000000001011111110
01000000000000000000001100001000
01000000000000000000001100011000
01100000000000000000001100010010
01000000000000000000001100001011
00000000000000000000001100011011
01100000000000000000001100001010
00000000000000000000001100000111
00100000000000000000001011110000
01100000000000000000001011111101
01100000000000000000001011111111
01100000000000000000001100010110
01000000000000000000001011110111
01000000000000000000001100010001
01000000000000000000001100011000
01100000000000000000001011111011
00000000000000000000001011111011
01100000000000000000001011111101
01000000000000000000001011111110
01000000000000000000001011110110
00100000000000000000001100011111
00100000000000000000001100001010
00100000000000000000001100011011
01100000000000000000001011111011
01000000000000000000001011110111
01100000000000000000001011111000
00100000000000000000001100001111
00000000000000000000001011110011
00000000000000000000001011111101
00000000000000000000001100010111
01100000000000000000001100001100
00000000000000000000001011111001
01100000000000000000001100001101
00000000000000000000001011111110
00000000000000000000001100001010
01100000000000000000001011111110
01000000000000000000001100001001
01000000000000000000001011110111
01100000000000000000001100000100
00100000000000000000001100010101
00000000000000000000001100010111
00000000000000000000001100000001
00100000000000000000001011111001
01100000000000000000001100001000
01000000000000000000001100001110
00100000000000000000001100001101
00000000000000000000001100011100
01000000000000000000001011110001
01100000000000000000001100011100
00000000000000000000001100010010
00000000000000000000001100010100
01000000000000000000001011110010
01000000000000000000001100010011
01000000000000000000001100011001
00100000000000000000001100001100
00100000000000000000001100011110
00000000000000000000001100000111
00000000000000000000001100010010
01100000000000000000001100000100
00100000000000000000001100001101
01100000000000000000001100000010
01000000000000000000001100011101
00100000000000000000001100011111
00100000000000000000001100001100
00000000000000000000001100010000
00100000000000000000001100010001
01100000000000000000001100010011
00000000000000000000001100001010
01000000000000000000001100010011
01000000000000000000001100001001
01100000000000000000001100011100
00100000000000000000001011111100
00000000000000000000001100000000
00100000000000000000001100000010
00000000000000000000001100001010
00100000000000000000001100001010
01100000000000000000001100000000
01000000000000000000001100011110
01000000000000000000001011111110
00000000000000000000001100010000
01000000000000000000001011110001
00000000000000000000001011110100
01100000000000000000001011110000
00100000000000000000001100011111
00000000000000000000001011110010
00100000000000000000001100001110
00100000000000000000001100011100
00100000000000000000001100011001
01000000000000000000001100001010
01100000000000000000001011111001
01000000000000000000001100010001
00000000000000000000001100001000
01000000000000000000001011110010
01000000000000000000001100001001
01100000000000000000001100010001
00000000000000000000001100011000
00100000000000000000001100010110
00000000000000000000001100000010
01000000000000000000001100010100
00000000000000000000001011111000
01000000000000000000001011111000
00000000000000000000001100010000
00000000000000000000001011110100
01000000000000000000001100001101
00000000000000000000001100011101
01100000000000000000001011110000
01100000000000000000001100010010
00100000000000000000001011111110
00000000000000000000001100011110
01000000000000000000001011110100
00000000000000000000001100000000
00000000000000000000001100001001
00100000000000000000001011111000
00100000000000000000001100000011
01000000000000000000001011110100
01000000000000000000001100001101
01000000000000000000001011111101
01000000000000000000001011110111
01000000000000000000001011111100
00000000000000000000001100011110
00000000000000000000001100000001
00000000000000000000001011111110
00100000000000000000001100010101
00100000000000000000001011110101
00100000000000000000001100011101
00100000000000000000001011111001
01000000000000000000001011110010
00100000000000000000001011111101
01000000000000000000001100001111
00100000000000000000001011110000
00100000000000000000001100011011
01000000000000000000001100000111
01000000000000000000001100001000
00000000000000000000001100001100
00000000000000000000001100011011
01000000000000000000001100000110
00000000000000000000001100001101
01100000000000000000001100001011
01000000000000000000001100000001
00000000000000000000001011110100
00100000000000000000001011110111
00000000000000000000001011110000
01100000000000000000001100000000
01100000000000000000001100011011
00000000000000000000001011110011
01000000000000000000001011110000
00100000000000000000001100000000
00100000000000000000001011111101
00100000000000000000001011110011
00100000000000000000001011110110
01100000000000000000001100011010
00100000000000000000001011111100
01000000000000000000001100001011
00000000000000000000001011110000
00000000000000000000001011110000
00100000000000000000001100000011
00100000000000000000001100010100
01000000000000000000001100011111
00000000000000000000001100010011
00100000000000000000001100011011
01100000000000000000001100001100
00000000000000000000001011111011
00000000000000000000001100001010
01000000000000000000001011110111
01000000000000000000001100010100
01100000000000000000001011111101
00100000000000000000001011110010
00000000000000000000001100001001
00100000000000000000001100000001
01000000000000000000001100010100
00100000000000000000001100001000
00100000000000000000001100001010
01100000000000000000001100011100
00000000000000000000001100010000
01000000000000000000001100010001
01100000000000000000001100000110
00000000000000000000001100010010
00000000000000000000001011111010
00100000000000000000001100010010
01000000000000000000001011111101
01100000000000000000001011110100
01100000000000000000001100011010
00000000000000000000001011111000
00000000000000000000001011110100
00100000000000000000001011111000
01000000000000000000001100001111
00000000000000000000001100000010
01100000000000000000001100000010
00000000000000000000001100010110
00100000000000000000001011111011
01100000000000000000001100000010
01100000000000000000001100010011
00100000000000000000001100011100
01000000000000000000001100010100
00000000000000000000001100010000
00100000000000000000001011111000
01100000000000000000001100001011
01100000000000000000001100000100
01000000000000000000001011110111
00000000000000000000001100010101
01000000000000000000001011110111
01100000000000000000001100011001
00100000000000000000001100000110
00000000000000000000001100000010
00100000000000000000001100011011
01000000000000000000001100010110
00100000000000000000001100000000
01000000000000000000001100011010
00000000000000000000001100000011
00100000000000000000001011110001
00100000000000000000001100011100
01000000000000000000001100011111
01000000000000000000001100000000
01100000000000000000001011110011
00100000000000000000001011110110
00100000000000000000001100010101
00000000000000000000001100001000
01000000000000000000001011111011
00000000000000000000001011111100
01100000000000000000001100010010
00000000000000000000001100010011
01100000000000000000001011111011
01100000000000000000001011110001
01100000000000000000001011110100
01100000000000000000001100011111
00100000000000000000001100011001
00000000000000000000001100001110
01000000000000000000001100011011
00000000000000000000001011111101
01000000000000000000001011110000
00000000000000000000001100011100
01100000000000000000001100001010
01100000000000000000001100010001
01100000000000000000001100001100
00100000000000000000001100011011
00100000000000000000001100011011
01100000000000000000001100010110
01100000000000000000001100000010
00100000000000000000001100011111
01100000000000000000001011111000
00000000000000000000001100011000
01100000000000000000001100000101
00100000000000000000001011111101
00000000000000000000001011110011
00100000000000000000001100011000
00100000000000000000001100010010
01000000000000000000001100010010
00100000000000000000001011111110
01100000000000000000001100011011
00100000000000000000001100000101
00000000000000000000001011111100
01000000000000000000001100000100
00000000000000000000001100011011
01100000000000000000001100010001
01000000000000000000001011110000
00100000000000000000001011111110
00100000000000000000001011110101
01100000000000000000001100011100
00000000000000000000001100000010
00100000000000000000001100001111
00100000000000000000001100001010
00000000000000000000001011110001
00100000000000000000001100000000
00000000000000000000001100001001
00000000000000000000001100001110
00000000000000000000001011111101
00100000000000000000001100001000
00100000000000000000001100000101
00100000000000000000001100011100
01000000000000000000001100010010
00000000000000000000001011111100
01100000000000000000001100001111
00000000000000000000001011110000
00100000000000000000001011110111
00100000000000000000001011110101
00000000000000000000001100000111
00100000000000000000001100011011
01000000000000000000001100000101
00000000000000000000001011111110
01100000000000000000001011110010
01000000000000000000001100000010
00100000000000000000001100001100
00000000000000000000001100010101
01100000000000000000001100010111
00100000000000000000001011111111
00000000000000000000001011111100
01000000000000000000001100001101
00100000000000000000001011110010
00000000000000000000001100001111
00000000000000000000001100001101
00000000000000000000001100001110
01000000000000000000001100000100
01100000000000000000001100000010
01100000000000000000001011110111
01100000000000000000001011110011
01100000000000000000001100010001
01000000000000000000001100011111
00000000000000000000001011111010
00100000000000000000001100001011
01100000000000000000001100000000
00000000000000000000001011111101
01100000000000000000001100001000
00000000000000000000001011111010
00000000000000000000001100001111
00100000000000000000001100001011
00000000000000000000001100010110
00100000000000000000001100000101
01000000000000000000001100001101
00000000000000000000001100001001
00000000000000000000001100011110
01000000000000000000001100011001
01100000000000000000001100011110
01000000000000000000001011111100
00000000000000000000001100000000
00100000000000000000001100000100
01000000000000000000001011111011
01000000000000000000001100001110
00100000000000000000001100011100
01000000000000000000001100001010
00000000000000000000001011111111
01100000000000000000001011111100
01000000000000000000001011111010
00100000000000000000001100000001
00100000000000000000001100011010
00100000000000000000001100010110
00100000000000000000001011110011
00100000000000000000001011110110
00000000000000000000001100010010
01100000000000000000001100010010
01000000000000000000001011110101
01000000000000000000001100000110
01100000000000000000001011111101
01100000000000000000001100001010
01000000000000000000001011110011
00000000000000000000001011110110
00000000000000000000001100001001
01000000000000000000001011111001
01000000000000000000001011110010
01000000000000000000001100001100
01100000000000000000001100000100
00000000000000000000001011110010
00100000000000000000001100001101
00000000000000000000001011110011
01000000000000000000001100000100
01000000000000000000001100001001
01000000000000000000001100010001
00100000000000000000001011111011
01100000000000000000001100000000
01100000000000000000001100001000
01100000000000000000001011110010
01100000000000000000001100000110
00100000000000000000001011110101
01000000000000000000001100011100
01100000000000000000001100010101
00100000000000000000001011111100
01100000000000000000001100000010
01100000000000000000001100000101
00100000000000000000001100000100
00000000000000000000001011111000
00000000000000000000001100001100
00100000000000000000001100001001
01000000000000000000001100001101
01100000000000000000001100011001
00100000000000000000001100011011
01000000000000000000001100000010
00000000000000000000001100000011
00100000000000000000001100000010
01000000000000000000001100011011
01100000000000000000001100001011
01000000000000000000001100011011
01100000000000000000001100001010
01000000000000000000001011111100
00000000000000000000001100010111
00000000000000000000001100000000
01100000000000000000001100011100
01000000000000000000001100000011
01000000000000000000001100001010
00100000000000000000001011110000
01100000000000000000001011111000
01000000000000000000001100000111
00000000000000000000001011111110
00000000000000000000001011111101
01100000000000000000001100010001
00000000000000000000001011110100
00100000000000000000001100001111
01000000000000000000001100001101
01100000000000000000001100011101
01100000000000000000001100011011
00100000000000000000001011111111
01100000000000000000001011111010
11111111111111111111111111111111
00000000000000000111110010101101
00000000000000000011110011010010
00000000000000000101101100101100
00000000000000000101001000010001
00000000000000000000001100001001
00000000000000001001101100000111
00000000000000000101001000010001
00000000000000000011110011010010
00000000000000000000001100001001
00000000000000000000100100011011
00000000000000000000110000100100
00000000000000001001101100000111
00000000000000001111011001000010
00000000000000000000001100001001
00000000000000000111100110100100
00000000000000000101111000110101
00000000000000000011110011010010
00000000000000000101001000010001
00000000000000000011110011010010
00000000000000000011110011010010
00000000000000001111011001000010
00000000000000000000001100001001
00000000000000000000110000100100
00000000000000000000100100011011
00000000000000000000001100001001
00000000000000000111110010101101
00000000000000000000001100001001
00000000000000000000001100001001
00000000000000000111110010101101
00000000000000000101101100101100
00000000000000000001101101100000
00000000000000000000001100001001
00000000000000000000001100001001
00000000000000000000001100001001
00000000000000000100101111111111
00000000000000000000001100001001
00000000000000000011110011010010
00000000000000000100010111101101
00000000000000000101001000010001
00100000000000000000001100001001
00000000000000000100101111111111
00000000000000000000001100001001
00000000000000000101001000010001
00000000000000001101011111011001
00000000000000000101101100111011
00000000000000000000100100011011
00000000000000000011000010011111
00000000000000000011110011010010
00000000000000000000001100001001
